This is pdfTeX, Version 3.14159265-2.6-1.40.19 (TeX Live 2018) (preloaded format=pdflatex 2018.8.30)  19 NOV 2018 18:01
entering extended mode
 restricted \write18 enabled.
 %&-line parsing enabled.
**"Quiz 4.tex"
(./Quiz 4.tex
LaTeX2e <2018-04-01> patch level 2
Babel <3.18> and hyphenation patterns for 22 language(s) loaded.
(/usr/local/texlive/2018basic/texmf-dist/tex/latex/base/article.cls
Document Class: article 2014/09/29 v1.4h Standard LaTeX document class
(/usr/local/texlive/2018basic/texmf-dist/tex/latex/base/size10.clo
File: size10.clo 2014/09/29 v1.4h Standard LaTeX file (size option)
)
\c@part=\count80
\c@section=\count81
\c@subsection=\count82
\c@subsubsection=\count83
\c@paragraph=\count84
\c@subparagraph=\count85
\c@figure=\count86
\c@table=\count87
\abovecaptionskip=\skip41
\belowcaptionskip=\skip42
\bibindent=\dimen102
)
(./Quiz 4.aux)
\openout1 = `"Quiz 4.aux"'.

LaTeX Font Info:    Checking defaults for OML/cmm/m/it on input line 5.
LaTeX Font Info:    ... okay on input line 5.
LaTeX Font Info:    Checking defaults for T1/cmr/m/n on input line 5.
LaTeX Font Info:    ... okay on input line 5.
LaTeX Font Info:    Checking defaults for OT1/cmr/m/n on input line 5.
LaTeX Font Info:    ... okay on input line 5.
LaTeX Font Info:    Checking defaults for OMS/cmsy/m/n on input line 5.
LaTeX Font Info:    ... okay on input line 5.
LaTeX Font Info:    Checking defaults for OMX/cmex/m/n on input line 5.
LaTeX Font Info:    ... okay on input line 5.
LaTeX Font Info:    Checking defaults for U/cmr/m/n on input line 5.
LaTeX Font Info:    ... okay on input line 5.
LaTeX Font Info:    External font `cmex10' loaded for size
(Font)              <12> on input line 6.
LaTeX Font Info:    External font `cmex10' loaded for size
(Font)              <8> on input line 6.
LaTeX Font Info:    External font `cmex10' loaded for size
(Font)              <6> on input line 6.
LaTeX Font Info:    Try loading font information for OMS+cmr on input line 8.

(/usr/local/texlive/2018basic/texmf-dist/tex/latex/base/omscmr.fd
File: omscmr.fd 2014/09/29 v2.5h Standard LaTeX font definitions
)
LaTeX Font Info:    Font shape `OMS/cmr/m/n' in size <10> not available
(Font)              Font shape `OMS/cmsy/m/n' tried instead on input line 8.
LaTeX Font Info:    External font `cmex10' loaded for size
(Font)              <7> on input line 8.
LaTeX Font Info:    External font `cmex10' loaded for size
(Font)              <5> on input line 8.

Underfull \hbox (badness 10000) in paragraph at lines 9--41

 []


Underfull \hbox (badness 10000) in paragraph at lines 9--41

 []


Underfull \hbox (badness 10000) in paragraph at lines 9--41

 []


Underfull \hbox (badness 10000) in paragraph at lines 9--41

 []


Underfull \hbox (badness 10000) in paragraph at lines 9--41

 []


Underfull \hbox (badness 10000) in paragraph at lines 9--41

 []


Underfull \hbox (badness 10000) in paragraph at lines 9--41

 []


Underfull \hbox (badness 10000) in paragraph at lines 9--41

 []


Underfull \hbox (badness 10000) in paragraph at lines 9--41

 []


Underfull \hbox (badness 10000) in paragraph at lines 9--41

 []


Underfull \hbox (badness 10000) in paragraph at lines 9--41

 []


Underfull \hbox (badness 10000) in paragraph at lines 9--41

 []


Underfull \hbox (badness 10000) in paragraph at lines 9--41

 []


Underfull \hbox (badness 10000) in paragraph at lines 9--41

 []


Underfull \hbox (badness 10000) in paragraph at lines 9--41

 []


Underfull \hbox (badness 10000) in paragraph at lines 9--41

 []


Underfull \hbox (badness 10000) in paragraph at lines 9--41

 []


Underfull \hbox (badness 10000) in paragraph at lines 9--41

 []


Underfull \hbox (badness 10000) in paragraph at lines 9--41

 []


Underfull \hbox (badness 10000) in paragraph at lines 9--41

 []


Underfull \hbox (badness 10000) in paragraph at lines 9--41

 []


Underfull \hbox (badness 10000) in paragraph at lines 9--41

 []


Underfull \hbox (badness 10000) in paragraph at lines 9--41

 []


Underfull \hbox (badness 10000) in paragraph at lines 9--41

 []


Underfull \hbox (badness 10000) in paragraph at lines 9--41

 []


Underfull \hbox (badness 10000) in paragraph at lines 9--41

 []


Underfull \hbox (badness 10000) in paragraph at lines 9--41

 []


Underfull \hbox (badness 10000) in paragraph at lines 9--41

 []


Underfull \hbox (badness 10000) in paragraph at lines 9--41

 []

[1

{/usr/local/texlive/2018basic/texmf-var/fonts/map/pdftex/updmap/pdftex.map}]
[2] (./Quiz 4.aux) ) 
Here is how much of TeX's memory you used:
 242 strings out of 494091
 2751 string characters out of 6163523
 60195 words of memory out of 5000000
 3991 multiletter control sequences out of 15000+600000
 6675 words of font info for 24 fonts, out of 8000000 for 9000
 319 hyphenation exceptions out of 8191
 23i,6n,19p,296b,187s stack positions out of 5000i,500n,10000p,200000b,80000s
</usr/local/texlive/2018basic/texmf-dist/fonts/type1/public
/amsfonts/cm/cmmi10.pfb></usr/local/texlive/2018basic/texmf-dist/fonts/type1/pu
blic/amsfonts/cm/cmr10.pfb></usr/local/texlive/2018basic/texmf-dist/fonts/type1
/public/amsfonts/cm/cmr12.pfb></usr/local/texlive/2018basic/texmf-dist/fonts/ty
pe1/public/amsfonts/cm/cmr17.pfb></usr/local/texlive/2018basic/texmf-dist/fonts
/type1/public/amsfonts/cm/cmr7.pfb></usr/local/texlive/2018basic/texmf-dist/fon
ts/type1/public/amsfonts/cm/cmsy10.pfb>
Output written on "Quiz 4.pdf" (2 pages, 66799 bytes).
PDF statistics:
 35 PDF objects out of 1000 (max. 8388607)
 24 compressed objects within 1 object stream
 0 named destinations out of 1000 (max. 500000)
 1 words of extra memory for PDF output out of 10000 (max. 10000000)

